#
# A fatal error has been detected by the Java Runtime Environment:
#
#  EXCEPTION_ACCESS_VIOLATION (0xc0000005) at pc=0xffffffffa34a5120, pid=5560, tid=5212
#
# JRE version: Java(TM) SE Runtime Environment (8.0_40-b25) (build 1.8.0_40-b25)
# Java VM: Java HotSpot(TM) 64-Bit Server VM (25.40-b25 mixed mode windows-amd64 compressed oops)
# Problematic frame:
# C  0xffffffffa34a5120
#
# Failed to write core dump. Minidumps are not enabled by default on client versions of Windows
#
# If you would like to submit a bug report, please visit:
#   http://bugreport.java.com/bugreport/crash.jsp
#

---------------  T H R E A D  ---------------

Current thread (0x000000001605d800):  JavaThread "Thread-2" [_thread_in_Java, id=5212, stack(0x0000000019520000,0x0000000019620000)]

siginfo: ExceptionCode=0xc0000005, ExceptionInformation=0x0000000000000008 0xffffffffa34a5120

Registers:
RAX=0x000000010007a828, RBX=0x0000000019addda0, RCX=0x00000001000fd1e8, RDX=0x00000000c04f8d48
RSP=0x000000001961e8f8, RBP=0x000000001961ee70, RSI=0x00000000c04f8d48, RDI=0x0000000019adbfa8
R8 =0x00000000eb509188, R9 =0x0000000000000000, R10=0x000000010007a828, R11=0x0000000019add9d8
R12=0x0000000000000000, R13=0x00000000ebbcda90, R14=0x0000000100079140, R15=0x000000001605d800
RIP=0xffffffffa34a5120, EFLAGS=0x0000000000010246

Top of Stack: (sp=0x000000001961e8f8)
0x000000001961e8f8:   000000000276fe24 00000000ebbcda90
0x000000001961e908:   00000000ebb00c58 00000000ebbcdfd0
0x000000001961e918:   00000000ebb00cc8 00000000ebb09590
0x000000001961e928:   0000000000000000 000000001961ee70
0x000000001961e938:   000000000277ef24 ffffffff00000000
0x000000001961e948:   00000000000001a4 00000000eb509188
0x000000001961e958:   0000000000000028 0000000000000028
0x000000001961e968:   00000000ebbcda90 00000001000fd1e8
0x000000001961e978:   0000000000000000 000000001961ee70
0x000000001961e988:   000000000277cc54 ffffffffffffffff
0x000000001961e998:   000000001431a5e0 0000000000000000
0x000000001961e9a8:   0000000000000000 000000001605d800
0x000000001961e9b8:   0000000100079140 0000000000000190
0x000000001961e9c8:   0000000000000000 0000000000000000
0x000000001961e9d8:   00000001000d0658 00000000eb509188
0x000000001961e9e8:   00000000ebbcda90 0000000000000000 

Instructions: (pc=0xffffffffa34a5120)
0xffffffffa34a5100:   
[error occurred during error reporting (printing registers, top of stack, instructions near pc), id 0xc0000005]

Register to memory mapping:

RAX=0x000000010007a828 is pointing into metadata
RBX=0x0000000019addda0 is pointing into metadata
RCX=0x00000001000fd1e8 is pointing into metadata
RDX=0x00000000c04f8d48 is an oop
java.awt.Image$1 
 - klass: 'java/awt/Image$1'
RSP=0x000000001961e8f8 is pointing into the stack for thread: 0x000000001605d800
RBP=0x000000001961ee70 is pointing into the stack for thread: 0x000000001605d800
RSI=0x00000000c04f8d48 is an oop
java.awt.Image$1 
 - klass: 'java/awt/Image$1'
RDI=0x0000000019adbfa8 is pointing into metadata
R8 =0x00000000eb509188 is an oop
java.awt.image.BufferedImage 
 - klass: 'java/awt/image/BufferedImage'
R9 =0x0000000000000000 is an unknown value
R10=0x000000010007a828 is pointing into metadata
R11=0x0000000019add9d8 is pointing into metadata
R12=0x0000000000000000 is an unknown value
R13=0x00000000ebbcda90 is an oop
sun.awt.image.BufImgSurfaceData 
 - klass: 'sun/awt/image/BufImgSurfaceData'
R14=0x0000000100079140 is pointing into metadata
R15=0x000000001605d800 is a thread


Stack: [0x0000000019520000,0x0000000019620000],  sp=0x000000001961e8f8,  free space=1018k
Native frames: (J=compiled Java code, j=interpreted, Vv=VM code, C=native code)
C  0xffffffffa34a5120


---------------  P R O C E S S  ---------------

Java Threads: ( => current thread )
  0x0000000016029000 JavaThread "D3D Screen Updater" daemon [_thread_blocked, id=1360, stack(0x0000000019720000,0x0000000019820000)]
  0x00000000023a0800 JavaThread "DestroyJavaVM" [_thread_blocked, id=5996, stack(0x0000000001f50000,0x0000000002050000)]
=>0x000000001605d800 JavaThread "Thread-2" [_thread_in_Java, id=5212, stack(0x0000000019520000,0x0000000019620000)]
  0x0000000016034800 JavaThread "AWT-EventQueue-0" [_thread_blocked, id=3904, stack(0x0000000018c20000,0x0000000018d20000)]
  0x0000000016005800 JavaThread "AWT-Windows" daemon [_thread_in_native, id=2372, stack(0x00000000168e0000,0x00000000169e0000)]
  0x0000000016000800 JavaThread "AWT-Shutdown" [_thread_blocked, id=3824, stack(0x00000000167e0000,0x00000000168e0000)]
  0x0000000015ffe000 JavaThread "Java2D Disposer" daemon [_thread_blocked, id=5296, stack(0x00000000166e0000,0x00000000167e0000)]
  0x0000000014990000 JavaThread "Service Thread" daemon [_thread_blocked, id=1924, stack(0x0000000015a80000,0x0000000015b80000)]
  0x0000000014928800 JavaThread "C1 CompilerThread1" daemon [_thread_blocked, id=4212, stack(0x0000000015980000,0x0000000015a80000)]
  0x0000000014925800 JavaThread "C2 CompilerThread0" daemon [_thread_blocked, id=1136, stack(0x0000000015880000,0x0000000015980000)]
  0x0000000014934800 JavaThread "Attach Listener" daemon [_thread_blocked, id=4452, stack(0x0000000015780000,0x0000000015880000)]
  0x0000000014931000 JavaThread "Signal Dispatcher" daemon [_thread_blocked, id=4536, stack(0x0000000015680000,0x0000000015780000)]
  0x0000000002494000 JavaThread "Finalizer" daemon [_thread_blocked, id=5956, stack(0x0000000015580000,0x0000000015680000)]
  0x000000000248b000 JavaThread "Reference Handler" daemon [_thread_blocked, id=1104, stack(0x0000000015480000,0x0000000015580000)]

Other Threads:
  0x00000000148f6000 VMThread [stack: 0x0000000015380000,0x0000000015480000] [id=3616]
  0x000000001499c800 WatcherThread [stack: 0x0000000015b80000,0x0000000015c80000] [id=1552]

VM state:not at safepoint (normal execution)

VM Mutex/Monitor currently owned by a thread: None

Heap:
 PSYoungGen      total 18944K, used 13460K [0x00000000eab00000, 0x00000000ec000000, 0x0000000100000000)
  eden space 16384K, 66% used [0x00000000eab00000,0x00000000eb5a7618,0x00000000ebb00000)
  from space 2560K, 99% used [0x00000000ebb00000,0x00000000ebd7dbe0,0x00000000ebd80000)
  to   space 2560K, 0% used [0x00000000ebd80000,0x00000000ebd80000,0x00000000ec000000)
 ParOldGen       total 44032K, used 5508K [0x00000000c0000000, 0x00000000c2b00000, 0x00000000eab00000)
  object space 44032K, 12% used [0x00000000c0000000,0x00000000c0561030,0x00000000c2b00000)
 Metaspace       used 10471K, capacity 10670K, committed 10880K, reserved 1058816K
  class space    used 1232K, capacity 1315K, committed 1408K, reserved 1048576K

Card table byte_map: [0x0000000011860000,0x0000000011a70000] byte_map_base: 0x0000000011260000

Marking Bits: (ParMarkBitMap*) 0x0000000066714040
 Begin Bits: [0x0000000011dd0000, 0x0000000012dd0000)
 End Bits:   [0x0000000012dd0000, 0x0000000013dd0000)

Polling page: 0x0000000000730000

CodeCache: size=245760Kb used=2940Kb max_used=2940Kb free=242819Kb
 bounds [0x00000000024a0000, 0x0000000002790000, 0x00000000114a0000]
 total_blobs=1280 nmethods=796 adapters=399
 compilation: enabled

Compilation events (10 events):
Event: 1.379 Thread 0x0000000014928800  792       3       sun.java2d.pipe.DrawImage::isBgOperation (22 bytes)
Event: 1.379 Thread 0x0000000014928800 nmethod 792 0x000000000277fad0 code [0x000000000277fc40, 0x0000000002780088]
Event: 1.379 Thread 0x0000000014928800  794       1       java.awt.Font::hasLayoutAttributes (5 bytes)
Event: 1.380 Thread 0x0000000014928800 nmethod 794 0x0000000002761f10 code [0x0000000002762060, 0x0000000002762170]
Event: 1.397 Thread 0x0000000014928800  795       3       sun.awt.AWTAutoShutdown::getInstance (4 bytes)
Event: 1.397 Thread 0x0000000014928800 nmethod 795 0x0000000002780190 code [0x00000000027802e0, 0x0000000002780410]
Event: 1.412 Thread 0x0000000014928800  796       3       java.util.concurrent.locks.AbstractQueuedSynchronizer::setState (6 bytes)
Event: 1.413 Thread 0x0000000014928800 nmethod 796 0x0000000002780490 code [0x00000000027805e0, 0x0000000002780730]
Event: 1.435 Thread 0x0000000014928800  797       1       java.awt.Image$1::getSurfaceManager (5 bytes)
Event: 1.435 Thread 0x0000000014928800 nmethod 797 0x0000000002780790 code [0x00000000027808e0, 0x00000000027809f0]

GC Heap History (2 events):
Event: 0.798 GC heap before
{Heap before GC invocations=1 (full 0):
 PSYoungGen      total 18944K, used 14675K [0x00000000eab00000, 0x00000000ec000000, 0x0000000100000000)
  eden space 16384K, 89% used [0x00000000eab00000,0x00000000eb954ca0,0x00000000ebb00000)
  from space 2560K, 0% used [0x00000000ebd80000,0x00000000ebd80000,0x00000000ec000000)
  to   space 2560K, 0% used [0x00000000ebb00000,0x00000000ebb00000,0x00000000ebd80000)
 ParOldGen       total 44032K, used 0K [0x00000000c0000000, 0x00000000c2b00000, 0x00000000eab00000)
  object space 44032K, 0% used [0x00000000c0000000,0x00000000c0000000,0x00000000c2b00000)
 Metaspace       used 9789K, capacity 10030K, committed 10240K, reserved 1058816K
  class space    used 1156K, capacity 1251K, committed 1280K, reserved 1048576K
Event: 0.804 GC heap after
Heap after GC invocations=1 (full 0):
 PSYoungGen      total 18944K, used 2550K [0x00000000eab00000, 0x00000000ec000000, 0x0000000100000000)
  eden space 16384K, 0% used [0x00000000eab00000,0x00000000eab00000,0x00000000ebb00000)
  from space 2560K, 99% used [0x00000000ebb00000,0x00000000ebd7dbe0,0x00000000ebd80000)
  to   space 2560K, 0% used [0x00000000ebd80000,0x00000000ebd80000,0x00000000ec000000)
 ParOldGen       total 44032K, used 5508K [0x00000000c0000000, 0x00000000c2b00000, 0x00000000eab00000)
  object space 44032K, 12% used [0x00000000c0000000,0x00000000c0561030,0x00000000c2b00000)
 Metaspace       used 9789K, capacity 10030K, committed 10240K, reserved 1058816K
  class space    used 1156K, capacity 1251K, committed 1280K, reserved 1048576K
}

Deoptimization events (5 events):
Event: 0.314 Thread 0x00000000023a0800 Uncommon trap: reason=null_check action=make_not_entrant pc=0x0000000002625fb8 method=java.lang.String.equals(Ljava/lang/Object;)Z @ 8
Event: 0.792 Thread 0x000000001605d800 Uncommon trap: reason=unstable_if action=reinterpret pc=0x00000000026b9c34 method=com.sun.imageio.plugins.gif.GIFImageReader.getCode(II)I @ 51
Event: 0.792 Thread 0x000000001605d800 Uncommon trap: reason=unstable_if action=reinterpret pc=0x00000000026a1714 method=com.sun.imageio.plugins.gif.GIFImageReader.getCode(II)I @ 51
Event: 0.926 Thread 0x000000001605d800 Uncommon trap: reason=unstable_if action=reinterpret pc=0x00000000026f95e4 method=java.lang.CharacterData.of(I)Ljava/lang/CharacterData; @ 4
Event: 1.046 Thread 0x000000001605d800 Uncommon trap: reason=predicate action=maybe_recompile pc=0x0000000002712d9c method=java.util.ArrayList.indexOf(Ljava/lang/Object;)I @ 44

Internal exceptions (10 events):
Event: 0.032 Thread 0x00000000023a0800 Exception <a 'java/lang/NoSuchMethodError': Method sun.misc.Unsafe.prefetchRead(Ljava/lang/Object;J)V name or signature does not match> (0x00000000eab0d308) thrown at [D:\re\workspace\8-2-build-windows-amd64-cygwin\jdk8u40\2855\hotspot\src\share\vm\prims\j0»ÍDπ?
Event: 0.098 Thread 0x00000000023a0800 Exception <a 'java/security/PrivilegedActionException'> (0x00000000eabd3ad8) thrown at [D:\re\workspace\8-2-build-windows-amd64-cygwin\jdk8u40\2855\hotspot\src\share\vm\prims\jvm.cpp, line 1382]
Event: 0.098 Thread 0x00000000023a0800 Exception <a 'java/security/PrivilegedActionException'> (0x00000000eabd3c90) thrown at [D:\re\workspace\8-2-build-windows-amd64-cygwin\jdk8u40\2855\hotspot\src\share\vm\prims\jvm.cpp, line 1382]
Event: 0.099 Thread 0x00000000023a0800 Exception <a 'java/security/PrivilegedActionException'> (0x00000000eabd7a28) thrown at [D:\re\workspace\8-2-build-windows-amd64-cygwin\jdk8u40\2855\hotspot\src\share\vm\prims\jvm.cpp, line 1382]
Event: 0.099 Thread 0x00000000023a0800 Exception <a 'java/security/PrivilegedActionException'> (0x00000000eabd7be0) thrown at [D:\re\workspace\8-2-build-windows-amd64-cygwin\jdk8u40\2855\hotspot\src\share\vm\prims\jvm.cpp, line 1382]
Event: 0.102 Thread 0x00000000023a0800 Exception <a 'java/io/FileNotFoundException'> (0x00000000eabda190) thrown at [D:\re\workspace\8-2-build-windows-amd64-cygwin\jdk8u40\2855\hotspot\src\share\vm\prims\jni.cpp, line 709]
Event: 0.127 Thread 0x00000000023a0800 Exception <a 'java/io/FileNotFoundException'> (0x00000000eac4b8b0) thrown at [D:\re\workspace\8-2-build-windows-amd64-cygwin\jdk8u40\2855\hotspot\src\share\vm\prims\jni.cpp, line 709]
Event: 0.175 Thread 0x00000000023a0800 Exception <a 'java/lang/NoSuchFieldError': method resolution failed> (0x00000000ead1f9c0) thrown at [D:\re\workspace\8-2-build-windows-amd64-cygwin\jdk8u40\2855\hotspot\src\share\vm\prims\methodHandles.cpp, line 1125]
Event: 0.184 Thread 0x00000000023a0800 Exception <a 'java/lang/NoSuchFieldError': method resolution failed> (0x00000000ead2e400) thrown at [D:\re\workspace\8-2-build-windows-amd64-cygwin\jdk8u40\2855\hotspot\src\share\vm\prims\methodHandles.cpp, line 1125]
Event: 0.314 Thread 0x00000000023a0800 Implicit null exception at 0x0000000002625de2 to 0x0000000002625fa9

Events (10 events):
Event: 1.328 loading class javax/swing/Popup$HeavyWeightWindow
Event: 1.328 loading class sun/awt/ModalExclude
Event: 1.328 loading class sun/awt/ModalExclude done
Event: 1.328 loading class javax/swing/JWindow
Event: 1.328 loading class javax/swing/JWindow done
Event: 1.328 loading class javax/swing/Popup$HeavyWeightWindow done
Event: 1.329 loading class edu/rcc/student/bwarfield/CIS18B/SpaceInvaders_V2/Main/ImageShader
Event: 1.329 loading class edu/rcc/student/bwarfield/CIS18B/SpaceInvaders_V2/Main/ImageShader done
Event: 1.331 loading class sun/font/SunFontManager$5
Event: 1.331 loading class sun/font/SunFontManager$5 done


Dynamic libraries:
0x000007f631480000 - 0x000007f6314b7000 	C:\Program Files\Java\jdk1.8.0_40\bin\java.exe
0x000007fa8d110000 - 0x000007fa8d2ce000 	C:\Windows\SYSTEM32\ntdll.dll
0x000007fa8cf60000 - 0x000007fa8d097000 	C:\Windows\system32\KERNEL32.DLL
0x000007fa8a2e0000 - 0x000007fa8a3d4000 	C:\Windows\system32\KERNELBASE.dll
0x000007fa8c820000 - 0x000007fa8c8fe000 	C:\Windows\system32\ADVAPI32.dll
0x000007fa8c950000 - 0x000007fa8ca9c000 	C:\Windows\system32\USER32.dll
0x000007fa87f40000 - 0x000007fa881aa000 	C:\Windows\WinSxS\amd64_microsoft.windows.common-controls_6595b64144ccf1df_6.0.9200.16579_none_418ab7ef718b27ef\COMCTL32.dll
0x000007fa8c530000 - 0x000007fa8c5d5000 	C:\Windows\system32\msvcrt.dll
0x000007fa8ae70000 - 0x000007fa8aeb8000 	C:\Windows\SYSTEM32\sechost.dll
0x000007fa8ad20000 - 0x000007fa8ae65000 	C:\Windows\system32\RPCRT4.dll
0x000007fa8c260000 - 0x000007fa8c3a1000 	C:\Windows\system32\GDI32.dll
0x000007fa8c900000 - 0x000007fa8c939000 	C:\Windows\system32\IMM32.DLL
0x000007fa8a4e0000 - 0x000007fa8a5f5000 	C:\Windows\system32\MSCTF.dll
0x00000000673b0000 - 0x0000000067482000 	C:\Program Files\Java\jdk1.8.0_40\jre\bin\msvcr100.dll
0x0000000065f10000 - 0x0000000066793000 	C:\Program Files\Java\jdk1.8.0_40\jre\bin\server\jvm.dll
0x000007fa83350000 - 0x000007fa83359000 	C:\Windows\SYSTEM32\WSOCK32.dll
0x000007fa861d0000 - 0x000007fa861f0000 	C:\Windows\SYSTEM32\WINMM.dll
0x000007fa861f0000 - 0x000007fa861f9000 	C:\Windows\SYSTEM32\VERSION.dll
0x000007fa8cca0000 - 0x000007fa8cca7000 	C:\Windows\system32\PSAPI.DLL
0x000007fa8ccb0000 - 0x000007fa8cd08000 	C:\Windows\system32\WS2_32.dll
0x000007fa85740000 - 0x000007fa85773000 	C:\Windows\SYSTEM32\WINMMBASE.dll
0x000007fa8c800000 - 0x000007fa8c809000 	C:\Windows\system32\NSI.dll
0x000007fa8a290000 - 0x000007fa8a2df000 	C:\Windows\SYSTEM32\cfgmgr32.dll
0x000007fa8a400000 - 0x000007fa8a422000 	C:\Windows\system32\DEVOBJ.dll
0x0000000065f00000 - 0x0000000065f0f000 	C:\Program Files\Java\jdk1.8.0_40\jre\bin\verify.dll
0x0000000065ed0000 - 0x0000000065ef9000 	C:\Program Files\Java\jdk1.8.0_40\jre\bin\java.dll
0x0000000065eb0000 - 0x0000000065ec6000 	C:\Program Files\Java\jdk1.8.0_40\jre\bin\zip.dll
0x000007fa8aec0000 - 0x000007fa8c1a5000 	C:\Windows\system32\SHELL32.dll
0x000007fa8a810000 - 0x000007fa8a9c0000 	C:\Windows\SYSTEM32\combase.dll
0x000007fa8c7b0000 - 0x000007fa8c800000 	C:\Windows\system32\SHLWAPI.dll
0x000007fa89160000 - 0x000007fa891f6000 	C:\Windows\SYSTEM32\SHCORE.dll
0x000007fa8a010000 - 0x000007fa8a025000 	C:\Windows\system32\profapi.dll
0x0000000065d10000 - 0x0000000065ea8000 	C:\Program Files\Java\jdk1.8.0_40\jre\bin\awt.dll
0x000007fa8ac50000 - 0x000007fa8ad13000 	C:\Windows\system32\OLEAUT32.dll
0x000007fa82e10000 - 0x000007fa82eaf000 	C:\Windows\system32\apphelp.dll
0x000007fa884f0000 - 0x000007fa88511000 	C:\Windows\system32\DWMAPI.DLL
0x000007fa88d80000 - 0x000007fa88e66000 	C:\Windows\system32\uxtheme.dll
0x000007fa81500000 - 0x000007fa81511000 	C:\Program Files (x86)\Dexpot\hooxpot64.dll
0x000007fa8c3b0000 - 0x000007fa8c52e000 	C:\Windows\system32\ole32.dll
0x000007fa89dc0000 - 0x000007fa89dca000 	C:\Windows\SYSTEM32\CRYPTBASE.dll
0x000007fa89d60000 - 0x000007fa89dbc000 	C:\Windows\SYSTEM32\bcryptPrimitives.dll
0x000007fa70b80000 - 0x000007fa70d80000 	C:\Windows\system32\d3d9.dll
0x000007fa693c0000 - 0x000007fa6a476000 	C:\Windows\SYSTEM32\nvd3dumx.dll
0x000007fa89f20000 - 0x000007fa89f63000 	C:\Windows\system32\powrprof.dll
0x000007fa85500000 - 0x000007fa8566a000 	C:\Program Files (x86)\NVIDIA Corporation\3D Vision\nvSCPAPI64.dll
0x000007fa8c5e0000 - 0x000007fa8c7b0000 	C:\Windows\system32\SETUPAPI.dll
0x000007fa848b0000 - 0x000007fa84be3000 	C:\Windows\system32\nvapi64.dll
0x000007fa8a050000 - 0x000007fa8a0a5000 	C:\Windows\system32\WINTRUST.dll
0x000007fa8a0b0000 - 0x000007fa8a281000 	C:\Windows\system32\CRYPT32.dll
0x000007fa8a030000 - 0x000007fa8a046000 	C:\Windows\system32\MSASN1.dll
0x000007fa87820000 - 0x000007fa87894000 	C:\Windows\system32\dxgi.dll
0x0000000065cc0000 - 0x0000000065d07000 	C:\Program Files\Java\jdk1.8.0_40\jre\bin\fontmanager.dll
0x000007fa89830000 - 0x000007fa8984a000 	C:\Windows\SYSTEM32\CRYPTSP.dll
0x000007fa894d0000 - 0x000007fa8951b000 	C:\Windows\system32\rsaenh.dll
0x000007fa8a3e0000 - 0x000007fa8a3ff000 	C:\Windows\system32\USERENV.dll
0x0000000065ca0000 - 0x0000000065cba000 	C:\Program Files\Java\jdk1.8.0_40\jre\bin\net.dll
0x000007fa897d0000 - 0x000007fa8982c000 	C:\Windows\system32\mswsock.dll
0x000007fa84500000 - 0x000007fa8452a000 	C:\Windows\SYSTEM32\IPHLPAPI.DLL
0x000007fa844d0000 - 0x000007fa844da000 	C:\Windows\SYSTEM32\WINNSI.DLL
0x000007fa84030000 - 0x000007fa84043000 	C:\Windows\SYSTEM32\dhcpcsvc6.DLL
0x000007fa84010000 - 0x000007fa84028000 	C:\Windows\SYSTEM32\dhcpcsvc.DLL
0x0000000065c80000 - 0x0000000065c91000 	C:\Program Files\Java\jdk1.8.0_40\jre\bin\nio.dll
0x0000000065c30000 - 0x0000000065c71000 	C:\Program Files\Java\jdk1.8.0_40\jre\bin\t2k.dll
0x000007fa7dd50000 - 0x000007fa7deb3000 	C:\Windows\SYSTEM32\dbghelp.dll

VM Arguments:
jvm_args: -Dfile.encoding=UTF-8 
java_command: edu.rcc.student.bwarfield.CIS18B.SpaceInvaders_V2.Main.Game
java_class_path (initial): C:\Users\Bee-Jay\OneDrive\Courses\CIS-18B Java Objects\WarfieldBrian_CSC18B_42029\Project\space_invaders\SpaceInvaders_solo\build\classes
Launcher Type: SUN_STANDARD

Environment Variables:
PATH=C:\ProgramData\Oracle\Java\javapath;C:\Program Files (x86)\NVIDIA Corporation\PhysX\Common;C:\Windows\system32;C:\Windows;C:\Windows\System32\Wbem;C:\Windows\System32\WindowsPowerShell\v1.0\;C:\Program Files (x86)\QuickTime\QTSystem\;C:\Users\Bee-Jay\Desktop\App Dump\exercism;C:\Program Files\nodejs\;C:\Program Files (x86)\AAC Audiobook Creator\Tools\SSA;C:\Users\Bee-Jay\AppData\Roaming\npm;C:\Program Files (x86)\AAC Audiobook Creator\Tools\SSA;C:\Program Files\Java\jdk1.8.0_40\bin;C:\Program Files (x86)\gradle-2.3\bin;
USERNAME=Bee-Jay
OS=Windows_NT
PROCESSOR_IDENTIFIER=Intel64 Family 6 Model 23 Stepping 6, GenuineIntel



---------------  S Y S T E M  ---------------

OS: Windows 8 , 64 bit Build 9200 (6.2.9200.16859)

CPU:total 2 (2 cores per cpu, 1 threads per core) family 6 model 23 stepping 6, cmov, cx8, fxsr, mmx, sse, sse2, sse3, ssse3, sse4.1, tsc

Memory: 4k page, physical 4191712k(1184612k free), swap 9773848k(2638948k free)

vm_info: Java HotSpot(TM) 64-Bit Server VM (25.40-b25) for windows-amd64 JRE (1.8.0_40-b25), built on Feb 10 2015 21:53:57 by "java_re" with MS VC++ 10.0 (VS2010)

time: Fri Apr 10 02:06:21 2015
elapsed time: 1 seconds (0d 0h 0m 1s)

